-Fri Mar 20 15:44:55 2020
PID: 7674 value:0.000.
-Fri Mar 20 15:44:55 2020
1.000.

-Fri Mar 20 15:44:56 2020
PID: 7674 value:1.000.
-Fri Mar 20 15:44:56 2020
2.000.

-Fri Mar 20 15:44:57 2020
PID: 7674 value:2.000.
-Fri Mar 20 15:44:57 2020
3.000.

-Wed Mar 25 14:56:01 2020
PID: 7218 value:22330060813339983872.000.
-Wed Mar 25 14:56:01 2020
22330060813339983872.000.

-Wed Mar 25 14:56:02 2020
PID: 7218 value:22330060813339983872.000.
-Wed Mar 25 14:56:02 2020
22330060813339983872.000.

-Wed Mar 25 14:56:03 2020
PID: 7218 value:22330060813339983872.000.
-Wed Mar 25 14:56:03 2020
22330060813339983872.000.

-Wed Mar 25 14:56:42 2020
PID: 7264 value:2212158341743284495428091904.000.
-Wed Mar 25 14:56:42 2020
2212158341743284495428091904.000.

-Wed Mar 25 14:56:43 2020
PID: 7264 value:2212158341743284495428091904.000.
-Wed Mar 25 14:56:43 2020
2212158341743284495428091904.000.

-Wed Mar 25 14:56:44 2020
PID: 7264 value:2212158341743284495428091904.000.
-Wed Mar 25 14:56:44 2020
2212158341743284495428091904.000.

-Wed Mar 25 14:56:54 2020
PID: 7264 value:2212158341743284495428091904.000.
-Wed Mar 25 14:56:54 2020
2212158341743284495428091904.000.

-Wed Mar 25 14:56:55 2020
PID: 7264 value:2212158341743284495428091904.000.
-Wed Mar 25 14:56:55 2020
2212158341743284495428091904.000.

-Wed Mar 25 14:56:56 2020
PID: 7264 value:2212158341743284495428091904.000.
-Wed Mar 25 14:56:56 2020
2212158341743284495428091904.000.

-Wed Mar 25 14:57:15 2020
PID: 7274 value:280766085629725911034101760.000.
-Wed Mar 25 14:57:15 2020
280766085629725911034101760.000.

-Wed Mar 25 14:57:16 2020
PID: 7274 value:280766085629725911034101760.000.
-Wed Mar 25 14:57:16 2020
280766085629725911034101760.000.

-Wed Mar 25 14:57:17 2020
PID: 7274 value:280766085629725911034101760.000.
-Wed Mar 25 14:57:17 2020
280766085629725911034101760.000.

-Wed Mar 25 15:01:07 2020
PID: 7403 value:0.000.
-Wed Mar 25 15:01:07 2020
1.000.

-Wed Mar 25 15:01:08 2020
PID: 7403 value:1.000.
-Wed Mar 25 15:01:08 2020
2.000.

-Wed Mar 25 15:01:09 2020
PID: 7403 value:2.000.
-Wed Mar 25 15:01:09 2020
3.000.

-Wed Mar 25 15:01:16 2020
PID: 7403 value:3.000.
-Wed Mar 25 15:01:16 2020
4.000.

-Wed Mar 25 15:01:17 2020
PID: 7403 value:4.000.
-Wed Mar 25 15:01:17 2020
5.000.

-Wed Mar 25 15:01:18 2020
PID: 7403 value:5.000.
-Wed Mar 25 15:01:18 2020
6.000.

-Wed Mar 25 15:02:05 2020
PID: 7443 value:0.000.
-Wed Mar 25 15:02:05 2020
1.000.

-Wed Mar 25 15:02:06 2020
PID: 7443 value:1.000.
-Wed Mar 25 15:02:06 2020
2.000.

-Wed Mar 25 15:02:07 2020
PID: 7443 value:2.000.
-Wed Mar 25 15:02:07 2020
3.000.

-Wed Mar 25 15:02:09 2020
PID: 7443 value:3.000.
-Wed Mar 25 15:02:09 2020
4.000.

-Wed Mar 25 15:02:10 2020
PID: 7443 value:4.000.
-Wed Mar 25 15:02:10 2020
5.000.

-Wed Mar 25 15:02:11 2020
PID: 7443 value:5.000.
-Wed Mar 25 15:02:11 2020
6.000.

-Wed Mar 25 15:07:17 2020
PID: 7569 value:0.000.
-Wed Mar 25 15:07:17 2020
1.000.

-Wed Mar 25 15:07:18 2020
PID: 7569 value:1.000.
-Wed Mar 25 15:07:18 2020
2.000.

-Wed Mar 25 15:07:19 2020
PID: 7569 value:2.000.
-Wed Mar 25 15:07:19 2020
3.000.

-Wed Mar 25 15:07:32 2020
PID: 7569 value:3.000.
-Wed Mar 25 15:07:32 2020
4.000.

-Wed Mar 25 15:07:33 2020
PID: 7569 value:4.000.
-Wed Mar 25 15:07:33 2020
5.000.

-Wed Mar 25 15:07:36 2020
PID: 7569 value:5.000.
-Wed Mar 25 15:07:36 2020
6.000.

-Wed Mar 25 15:07:39 2020
PID: 7569 value:6.000.
-Wed Mar 25 15:07:39 2020
7.000.

-Wed Mar 25 15:07:40 2020
PID: 7569 value:7.000.
-Wed Mar 25 15:07:40 2020
8.000.

-Wed Mar 25 15:07:41 2020
PID: 7569 value:8.000.
-Wed Mar 25 15:07:41 2020
9.000.

-Wed Mar 25 15:07:42 2020
PID: 7569 value:9.000.
-Wed Mar 25 15:07:42 2020
10.000.

-Wed Mar 25 15:07:43 2020
PID: 7569 value:10.000.
-Wed Mar 25 15:07:43 2020
11.000.

-Wed Mar 25 15:07:44 2020
PID: 7569 value:11.000.
-Wed Mar 25 15:07:44 2020
12.000.

-Wed Mar 25 15:07:45 2020
PID: 7569 value:12.000.
-Wed Mar 25 15:07:45 2020
13.000.

-Wed Mar 25 15:07:46 2020
PID: 7569 value:13.000.
-Wed Mar 25 15:07:46 2020
14.000.

-Wed Mar 25 15:07:53 2020
PID: 7569 value:14.000.
-Wed Mar 25 15:07:53 2020
15.000.

-Wed Mar 25 15:07:54 2020
PID: 7569 value:15.000.
-Wed Mar 25 15:07:54 2020
16.000.

-Wed Mar 25 15:10:29 2020
PID: 7761 value:0.000.
-Wed Mar 25 15:10:29 2020
1.000.

-Wed Mar 25 15:10:30 2020
PID: 7761 value:1.000.
-Wed Mar 25 15:10:30 2020
2.000.

-Wed Mar 25 15:10:31 2020
PID: 7761 value:2.000.
-Wed Mar 25 15:10:31 2020
3.000.

-Wed Mar 25 15:15:15 2020
PID: 7878 value:0.000.
-Wed Mar 25 15:15:15 2020
1.000.

-Wed Mar 25 15:15:16 2020
PID: 7878 value:1.000.
-Wed Mar 25 15:15:16 2020
2.000.

-Fri Jul 17 12:50:12 2020
PID: 9596 value:0.000.
-Fri Jul 17 12:50:12 2020
1.000.

-Fri Jul 17 12:50:13 2020
PID: 9596 value:1.000.
-Fri Jul 17 12:50:13 2020
2.000.

-Fri Jul 17 12:50:14 2020
PID: 9596 value:2.000.
-Fri Jul 17 12:50:14 2020
3.000.

-Fri Jul 17 12:50:17 2020
PID: 9596 value:3.000.
-Fri Jul 17 12:50:17 2020
4.000.

-Fri Jul 17 12:50:18 2020
PID: 9596 value:4.000.
-Fri Jul 17 12:50:18 2020
5.000.

-Fri Jul 17 12:50:19 2020
PID: 9596 value:5.000.
-Fri Jul 17 12:50:19 2020
6.000.

-Fri Jul 17 12:50:20 2020
PID: 9596 value:6.000.
-Fri Jul 17 12:50:20 2020
7.000.

-Fri Jul 17 12:50:21 2020
PID: 9596 value:7.000.
-Fri Jul 17 12:50:21 2020
8.000.

-Fri Jul 17 12:50:22 2020
PID: 9596 value:8.000.
-Fri Jul 17 12:50:22 2020
9.000.

-Fri Jul 17 12:50:23 2020
PID: 9596 value:9.000.
-Fri Jul 17 12:50:23 2020
10.000.

-Fri Jul 17 12:50:24 2020
PID: 9596 value:10.000.
-Fri Jul 17 12:50:24 2020
11.000.

-Fri Jul 17 12:50:44 2020
PID: 9596 value:11.000.
-Fri Jul 17 12:50:44 2020
12.000.

-Fri Jul 17 12:50:45 2020
PID: 9596 value:12.000.
-Fri Jul 17 12:50:45 2020
13.000.

-Fri Jul 17 12:50:46 2020
PID: 9596 value:13.000.
-Fri Jul 17 12:50:46 2020
14.000.

-Fri Jul 17 12:50:47 2020
PID: 9596 value:14.000.
-Fri Jul 17 12:50:47 2020
15.000.

-Fri Jul 17 12:50:48 2020
PID: 9596 value:15.000.
-Fri Jul 17 12:50:48 2020
16.000.

-Fri Jul 17 12:50:57 2020
PID: 9596 value:16.000.
-Fri Jul 17 12:50:57 2020
17.000.

-Fri Jul 17 12:50:58 2020
PID: 9596 value:17.000.
-Fri Jul 17 12:50:58 2020
18.000.

-Wed Jul 22 22:07:58 2020
PID: 9069 value:0.000.
-Wed Jul 22 22:07:58 2020
1.000.

-Wed Jul 22 22:07:59 2020
PID: 9069 value:1.000.
-Wed Jul 22 22:07:59 2020
2.000.

-Wed Jul 22 22:08:00 2020
PID: 9069 value:2.000.
-Wed Jul 22 22:08:00 2020
3.000.

-Wed Jul 22 22:08:21 2020
PID: 9094 value:3.000.
-Wed Jul 22 22:08:21 2020
4.000.

-Wed Jul 22 22:13:12 2020
PID: 9351 value:0.000.
-Wed Jul 22 22:13:12 2020
1.000.

-Wed Jul 22 22:13:13 2020
PID: 9351 value:1.000.
-Wed Jul 22 22:13:13 2020
2.000.

-Wed Jul 22 22:13:14 2020
PID: 9351 value:2.000.
-Wed Jul 22 22:13:14 2020
3.000.

-Wed Jul 22 22:13:18 2020
PID: 9351 value:3.000.
-Wed Jul 22 22:13:18 2020
4.000.

-Wed Jul 22 22:13:19 2020
PID: 9351 value:4.000.
-Wed Jul 22 22:13:19 2020
5.000.

-Wed Jul 22 22:13:20 2020
PID: 9351 value:5.000.
-Wed Jul 22 22:13:20 2020
6.000.

-Wed Jul 22 22:13:21 2020
PID: 9351 value:6.000.
-Wed Jul 22 22:13:21 2020
7.000.

-Wed Jul 22 22:13:22 2020
PID: 9351 value:7.000.
-Wed Jul 22 22:13:22 2020
8.000.

-Wed Jul 22 22:13:29 2020
PID: 9351 value:8.000.
-Wed Jul 22 22:13:29 2020
9.000.

-Wed Jul 22 22:13:30 2020
PID: 9351 value:9.000.
-Wed Jul 22 22:13:30 2020
10.000.

-Wed Jul 22 22:13:31 2020
PID: 9351 value:10.000.
-Wed Jul 22 22:13:31 2020
11.000.

-Wed Jul 22 22:13:32 2020
PID: 9351 value:11.000.
-Wed Jul 22 22:13:32 2020
12.000.

-Wed Jul 22 22:13:33 2020
PID: 9351 value:12.000.
-Wed Jul 22 22:13:33 2020
13.000.

-Wed Jul 22 22:13:47 2020
PID: 9351 value:13.000.
-Wed Jul 22 22:13:47 2020
14.000.

-Wed Jul 22 22:13:48 2020
PID: 9351 value:14.000.
-Wed Jul 22 22:13:48 2020
15.000.

-Wed Jul 22 22:13:52 2020
PID: 9351 value:15.000.
-Wed Jul 22 22:13:52 2020
16.000.

-Wed Jul 22 22:13:53 2020
PID: 9351 value:16.000.
-Wed Jul 22 22:13:53 2020
17.000.

-Wed Jul 22 22:13:54 2020
PID: 9351 value:17.000.
-Wed Jul 22 22:13:54 2020
18.000.

-Wed Jul 22 22:13:55 2020
PID: 9351 value:18.000.
-Wed Jul 22 22:13:55 2020
19.000.

-Wed Jul 22 22:16:17 2020
PID: 9502 value:0.000.
-Wed Jul 22 22:16:17 2020
1.000.

-Wed Jul 22 22:16:18 2020
PID: 9502 value:1.000.
-Wed Jul 22 22:16:18 2020
2.000.

-Wed Jul 22 22:16:19 2020
PID: 9502 value:2.000.
-Wed Jul 22 22:16:19 2020
3.000.

-Wed Jul 22 22:17:29 2020
PID: 9539 value:0.000.
-Wed Jul 22 22:17:29 2020
1.000.

-Wed Jul 22 22:17:30 2020
PID: 9539 value:1.000.
-Wed Jul 22 22:17:30 2020
2.000.

-Wed Jul 22 22:17:31 2020
PID: 9539 value:2.000.
-Wed Jul 22 22:17:31 2020
3.000.

-Wed Jul 22 22:17:44 2020
PID: 9539 value:3.000.
-Wed Jul 22 22:17:44 2020
4.000.

-Wed Jul 22 22:17:45 2020
PID: 9539 value:4.000.
-Wed Jul 22 22:17:45 2020
5.000.

-Wed Jul 22 22:17:46 2020
PID: 9539 value:5.000.
-Wed Jul 22 22:17:46 2020
6.000.

-Wed Jul 22 22:17:47 2020
PID: 9539 value:6.000.
-Wed Jul 22 22:17:47 2020
7.000.

-Wed Jul 22 22:17:48 2020
PID: 9539 value:7.000.
-Wed Jul 22 22:17:48 2020
8.000.

-Wed Jul 22 22:17:49 2020
PID: 9539 value:8.000.
-Wed Jul 22 22:17:49 2020
9.000.

-Wed Jul 22 22:17:50 2020
PID: 9539 value:9.000.
-Wed Jul 22 22:17:50 2020
10.000.

-Wed Jul 22 22:17:51 2020
PID: 9539 value:10.000.
-Wed Jul 22 22:17:51 2020
11.000.

-Wed Jul 22 22:18:21 2020
PID: 9539 value:11.000.
-Wed Jul 22 22:18:21 2020
12.000.

-Wed Jul 22 22:18:22 2020
PID: 9539 value:12.000.
-Wed Jul 22 22:18:22 2020
13.000.

-Wed Jul 22 22:18:23 2020
PID: 9539 value:13.000.
-Wed Jul 22 22:18:23 2020
14.000.

-Wed Jul 22 22:18:24 2020
PID: 9539 value:14.000.
-Wed Jul 22 22:18:24 2020
15.000.

-Wed Jul 22 22:18:25 2020
PID: 9539 value:15.000.
-Wed Jul 22 22:18:25 2020
16.000.

-Wed Jul 22 22:18:26 2020
PID: 9539 value:16.000.
-Wed Jul 22 22:18:26 2020
17.000.

-Wed Jul 22 22:18:27 2020
PID: 9539 value:17.000.
-Wed Jul 22 22:18:27 2020
18.000.

-Wed Jul 22 22:18:28 2020
PID: 9539 value:18.000.
-Wed Jul 22 22:18:28 2020
19.000.

-Wed Jul 22 22:18:29 2020
PID: 9539 value:19.000.
-Wed Jul 22 22:18:29 2020
20.000.

-Wed Jul 22 22:18:35 2020
PID: 9539 value:20.000.
-Wed Jul 22 22:18:35 2020
21.000.

-Wed Jul 22 22:18:36 2020
PID: 9539 value:21.000.
-Wed Jul 22 22:18:36 2020
22.000.

-Wed Jul 22 22:18:37 2020
PID: 9539 value:22.000.
-Wed Jul 22 22:18:37 2020
23.000.

